<?xml version="1.0" encoding="UTF-8"?>
<!-- Generated by org.testng.reporters.JUnitReportReporter -->
<testsuite skipped="0" hostname="Adi" name="MobileTestCases.CompareTwoProduct$MobileList" tests="1" failures="0" timestamp="21 May 2020 09:28:22 GMT" time="38.180" errors="0">
  <testcase name="compareProduct" time="38.180" classname="MobileTestCases.CompareTwoProduct$MobileList"/>
</testsuite> <!-- MobileTestCases.CompareTwoProduct$MobileList -->
