<?xml version="1.0" encoding="UTF-8"?>
<!-- Generated by org.testng.reporters.JUnitReportReporter -->
<testsuite skipped="0" hostname="Adi" name="MobileTestCases.AddToCart" tests="1" failures="0" timestamp="28 May 2020 15:33:17 GMT" time="47.338" errors="0">
  <testcase name="addToCart" time="47.338" classname="MobileTestCases.AddToCart"/>
</testsuite> <!-- MobileTestCases.AddToCart -->
